1333445566666899
10023444455566779
2002235566677889
10002334445566777
10012223334556678
10003444567778889
1011223455778899
101122333355788
10002223445677777
10002233344566789
1002233334445556
10002233444467788
11122233355788899
100112223445678
1000222355566899
1002333445556788
10011222344557889
1222333334677889
-9998877665554422
10122224555777889
10012233455668888
10111222355666778
10233445555667889
1003455677778999
20002222334445567
10222233466777899
1111233556667889
10223333466788889
10012223344445679
30000335667788889
11222334444556677
2000234555677
10000122334445667
1001334444555789
1013355666778889
10001223566677899
10233334566678888
1022222445567789
20002333334556789
10000122333344678
11112223334446689
100122234555777
1000011333348888
1112444566668
1001144566788999
10000223444556667
10001112333456677
1001134466667888
100333445556789
100011122466688
2000002233378888
10000011245556789
1022345556777889
10012222355788889
10223344555688889
1002223344566677
11135667778888889
1001122344567888
1000013345677778
1011122244455555
1022233344456688
10011122244566777
11234555556677
10222344455557788
1122222356668899
1001222234556678
10122224444445777
10000122333445889
1000001123355678
1011222445566778
10000122346777
10123345567888899
10022333444677788
10011233344566678
10000022445577899
1022223445566778
10000044555667888
10001223334457889
2023455566778899
