12233333555666778
10012335555567778
1011133445566678
10022235566666778
10002333344566789
100123366788999
10011222333456788
10122233556667779
200003444556667
10222345578999
10223444566778888
10012244445667899
10011112455566669
2003333556777789
-88877755554443332
10001222344556677
10111223334566889
10022344445566668
10000011233556789
100000234455568
1000223345556789
20245566677788
1001224445667788
10011222333566789
10012233445556678
100011256678888
10111223334456678
10022344566777889
20002333555677888
10000333334556668
10224445567777778
1000234445778999
10000023345566677
10222334445668889
103444555556677
11234445566667889
10000233555568888
1012224444566778
10002333456667899
10122345555777889
10001222334556777
10122223344567789
10112222344445889
10002222233455678
10001233444678899
200345777788
100001124445788
10000112224566888
10011222344678889
