1000222345678899
10011222244456678
1001222333455689
10011133555667899
1000112333566779
10000124455666788
1022222334667778
10222333456689999
10012334446778889
11123444566677789
10001122233344788
1000344466688889
10022455556778889
10002222233455689
1000222333334557
2003344445567889
10012335566677899
10223345556778899
20000244455567889
11234445566677777
-99988887755433200
10000123333445578
10001223445588888
22345556666788899
1112445677778
10011122255567889
1011444555777999
103344455556678
20333444445666999
111245666777899
10012223555677899
10011112566667788
100123556667888
10111244456666667
10022244455566899
10001112224555669
1000144445556678
-99764433322222211
10133344556788899
1122234666667788
1000133345566789
1112234555667789
1002222334556677
100000123455666
100223346777788
1000223444456799
1000223344578999
1000255566789999
1000023334567899
20233444667777799
10034445567788889
10112223335556778
10013455566677889
10001223344577788
10003344555667788
1000011235567788
2002245777888999
10111223344568889
10000011224555557
11333345556667789
1023333444566889
1000023333445779
1011234555677889
11123344444557888
20223444556667899
1000233455566689
1001124457777899
10001233344666788
10011112233456679
20233444567788889
