10122233446667889
10002223445566788
10022234446778889
-98776664332111000
1000111122344556
2000223445556889
10001333555578889
202334667778899
100111133346778
10001111256667788
1023456677888889
10002333445567788
10011112344566889
3004555666677789
10000045667777888
1000222334456688
1012223356666788
22333344455667778
10001334667788889
10000223334556777
10002335566677799
10000223455556678
10111234456666779
1000111133345578
10012334666788899
10112233445566799
10011223455688899
10223344455577777
10000223444667789
1000233355666788
10022224556667888
1000003677778899
10000012223355678
10003333445567788
2022233455677789
1122223334677889
100013444446788
2000255556678999
10022344445577789
200233334466678
20000223344557788
10001234455566788
10344455568888999
1000002233566789
1001244466667899
12235555678889999
10244555667777778
1013344555667789
1223344455566778
10002223346788899
10133333455678999
1222233444556778
11112333455677779
1112223333457888
20000234455568889
1012333445688999
10000233445666
10122445666788889
1011233335566789
10144455555888999
1122444445557888
10122223334457888
10012344446667888
101112234455799
10244444556667779
1000111244556788
1223445555668889
11222355666789999
2000002366677888
10001123566677899
200244555556788
10000112444556678
10012233335566777
10111112233345567
10344445556778999
2022333333445559
10000001122234456
2000223445556688
-97655544443321000
-98887666552222211
1001122234456667
1000011334566888
11124444555666
1000113333455688
1333344455677888
1001222333456778
10000233457788899
10001222334455577
12333344446668888
100012366667889
11222234446678889
